  glad.c
c:\program files (x86)\windows kits\10\include\10.0.17763.0\shared\minwindef.h(130): warning C4005: 'APIENTRY': macro redefinition
  c:\users\erik\source\repos\unfoldingshapes\libresources\include\glad\glad.h(32): note: see previous definition of 'APIENTRY'
  Main.cpp
c:\users\erik\source\repos\unfoldingshapes\libresources\include\shader.h(61): warning C4101: 'e': unreferenced local variable
c:\users\erik\source\repos\unfoldingshapes\unfoldingshapes\camera.h(79): warning C4305: '=': truncation from 'double' to 'float'
c:\users\erik\source\repos\unfoldingshapes\unfoldingshapes\camera.h(80): warning C4305: '=': truncation from 'double' to 'float'
c:\users\erik\source\repos\unfoldingshapes\unfoldingshapes\camera.h(100): warning C4305: '=': truncation from 'double' to 'float'
c:\users\erik\source\repos\unfoldingshapes\unfoldingshapes\camera.h(171): warning C4244: '=': conversion from 'double' to 'float', possible loss of data
c:\users\erik\source\repos\unfoldingshapes\unfoldingshapes\camera.h(172): warning C4244: '=': conversion from 'double' to 'float', possible loss of data
c:\users\erik\source\repos\unfoldingshapes\unfoldingshapes\camera.h(176): warning C4244: 'initializing': conversion from 'double' to 'float', possible loss of data
c:\users\erik\source\repos\unfoldingshapes\unfoldingshapes\camera.h(177): warning C4244: 'initializing': conversion from 'double' to 'float', possible loss of data
c:\users\erik\source\repos\unfoldingshapes\unfoldingshapes\camera.h(178): warning C4244: '=': conversion from 'double' to 'float', possible loss of data
c:\users\erik\source\repos\unfoldingshapes\unfoldingshapes\camera.h(179): warning C4244: '=': conversion from 'double' to 'float', possible loss of data
c:\users\erik\source\repos\unfoldingshapes\unfoldingshapes\camera.h(195): warning C4244: '=': conversion from 'double' to 'float', possible loss of data
c:\users\erik\source\repos\unfoldingshapes\unfoldingshapes\camera.h(196): warning C4244: '=': conversion from 'double' to 'float', possible loss of data
c:\users\erik\source\repos\unfoldingshapes\unfoldingshapes\camera.h(198): warning C4244: '*=': conversion from 'double' to 'float', possible loss of data
c:\users\erik\source\repos\unfoldingshapes\unfoldingshapes\camera.h(199): warning C4244: '*=': conversion from 'double' to 'float', possible loss of data
c:\users\erik\source\repos\unfoldingshapes\unfoldingshapes\camera.h(209): warning C4244: 'initializing': conversion from 'double' to 'float', possible loss of data
c:\users\erik\source\repos\unfoldingshapes\unfoldingshapes\camera.h(210): warning C4244: '=': conversion from 'double' to 'float', possible loss of data
c:\users\erik\source\repos\unfoldingshapes\unfoldingshapes\mesh.h(97): warning C4018: '<': signed/unsigned mismatch
c:\users\erik\source\repos\unfoldingshapes\unfoldingshapes\mesh.h(121): warning C4244: 'argument': conversion from 'int' to 'float', possible loss of data
c:\users\erik\source\repos\unfoldingshapes\unfoldingshapes\mesh.h(135): warning C4018: '<': signed/unsigned mismatch
c:\users\erik\source\repos\unfoldingshapes\unfoldingshapes\mesh.h(213): warning C4018: '<': signed/unsigned mismatch
c:\users\erik\source\repos\unfoldingshapes\unfoldingshapes\textmanager.h(164): warning C4018: '<': signed/unsigned mismatch
c:\users\erik\source\repos\unfoldingshapes\unfoldingshapes\textmanager.h(187): warning C4018: '<': signed/unsigned mismatch
c:\users\erik\source\repos\unfoldingshapes\unfoldingshapes\textmanager.h(199): warning C4018: '<': signed/unsigned mismatch
c:\users\erik\source\repos\unfoldingshapes\unfoldingshapes\textmanager.h(207): warning C4018: '<': signed/unsigned mismatch
c:\users\erik\source\repos\unfoldingshapes\unfoldingshapes\graphicsengine.h(227): warning C4018: '<': signed/unsigned mismatch
c:\users\erik\source\repos\unfoldingshapes\unfoldingshapes\graphicsengine.h(251): warning C4018: '<': signed/unsigned mismatch
  UnfoldingShapes.vcxproj -> C:\Users\Erik\source\repos\UnfoldingShapes\Debug\UnfoldingShapes.exe
