  Main.cpp
c:\users\erik\source\repos\unfoldingshapes\libresources\include\shader.h(61): warning C4101: 'e': unreferenced local variable
c:\users\erik\source\repos\unfoldingshapes\unfoldingshapes\camera.h(81): warning C4305: '=': truncation from 'double' to 'float'
c:\users\erik\source\repos\unfoldingshapes\unfoldingshapes\camera.h(82): warning C4305: '=': truncation from 'double' to 'float'
c:\users\erik\source\repos\unfoldingshapes\unfoldingshapes\camera.h(103): warning C4305: '=': truncation from 'double' to 'float'
c:\users\erik\source\repos\unfoldingshapes\unfoldingshapes\camera.h(174): warning C4244: '=': conversion from 'double' to 'float', possible loss of data
c:\users\erik\source\repos\unfoldingshapes\unfoldingshapes\camera.h(175): warning C4244: '=': conversion from 'double' to 'float', possible loss of data
c:\users\erik\source\repos\unfoldingshapes\unfoldingshapes\camera.h(179): warning C4244: 'initializing': conversion from 'double' to 'float', possible loss of data
c:\users\erik\source\repos\unfoldingshapes\unfoldingshapes\camera.h(180): warning C4244: 'initializing': conversion from 'double' to 'float', possible loss of data
c:\users\erik\source\repos\unfoldingshapes\unfoldingshapes\camera.h(181): warning C4244: '=': conversion from 'double' to 'float', possible loss of data
c:\users\erik\source\repos\unfoldingshapes\unfoldingshapes\camera.h(182): warning C4244: '=': conversion from 'double' to 'float', possible loss of data
c:\users\erik\source\repos\unfoldingshapes\unfoldingshapes\camera.h(198): warning C4244: '=': conversion from 'double' to 'float', possible loss of data
c:\users\erik\source\repos\unfoldingshapes\unfoldingshapes\camera.h(199): warning C4244: '=': conversion from 'double' to 'float', possible loss of data
c:\users\erik\source\repos\unfoldingshapes\unfoldingshapes\camera.h(201): warning C4244: '*=': conversion from 'double' to 'float', possible loss of data
c:\users\erik\source\repos\unfoldingshapes\unfoldingshapes\camera.h(202): warning C4244: '*=': conversion from 'double' to 'float', possible loss of data
c:\users\erik\source\repos\unfoldingshapes\unfoldingshapes\camera.h(212): warning C4244: 'initializing': conversion from 'double' to 'float', possible loss of data
c:\users\erik\source\repos\unfoldingshapes\unfoldingshapes\camera.h(213): warning C4244: '=': conversion from 'double' to 'float', possible loss of data
c:\users\erik\source\repos\unfoldingshapes\unfoldingshapes\mesh.h(141): warning C4244: 'argument': conversion from 'int' to 'float', possible loss of data
c:\users\erik\source\repos\unfoldingshapes\unfoldingshapes\mesh.h(181): warning C4267: 'argument': conversion from 'size_t' to 'GLsizei', possible loss of data
c:\users\erik\source\repos\unfoldingshapes\unfoldingshapes\model.h(335): warning C4267: 'initializing': conversion from 'size_t' to 'int', possible loss of data
c:\users\erik\source\repos\unfoldingshapes\unfoldingshapes\model.h(379): warning C4267: 'initializing': conversion from 'size_t' to 'int', possible loss of data
c:\users\erik\source\repos\unfoldingshapes\unfoldingshapes\graphicsengine.h(332): warning C4267: 'initializing': conversion from 'size_t' to 'int', possible loss of data
c:\users\erik\source\repos\unfoldingshapes\unfoldingshapes\face.h(111): warning C4244: '=': conversion from 'double' to 'float', possible loss of data
c:\users\erik\source\repos\unfoldingshapes\unfoldingshapes\face.h(247): warning C4267: 'initializing': conversion from 'size_t' to 'int', possible loss of data
c:\users\erik\source\repos\unfoldingshapes\unfoldingshapes\shape.h(119): warning C4267: 'initializing': conversion from 'size_t' to 'int', possible loss of data
c:\users\erik\source\repos\unfoldingshapes\unfoldingshapes\unfold.h(96): warning C4091: 'static ': ignored on left of 'Unfold' when no variable is declared
c:\users\erik\source\repos\unfoldingshapes\unfoldingshapes\animator.h(208): warning C4244: 'argument': conversion from 'float' to 'const unsigned __int64', possible loss of data
c:\users\erik\source\repos\unfoldingshapes\unfoldingshapes\main.cpp(64): warning C4305: 'initializing': truncation from 'double' to 'float'
c:\users\erik\source\repos\unfoldingshapes\unfoldingshapes\main.cpp(71): warning C4244: 'initializing': conversion from 'float' to 'unsigned int', possible loss of data
c:\users\erik\source\repos\unfoldingshapes\unfoldingshapes\main.cpp(72): warning C4244: 'initializing': conversion from 'float' to 'unsigned int', possible loss of data
c:\users\erik\source\repos\unfoldingshapes\unfoldingshapes\main.cpp(93): warning C4244: '=': conversion from 'float' to 'unsigned int', possible loss of data
c:\users\erik\source\repos\unfoldingshapes\unfoldingshapes\main.cpp(94): warning C4244: '=': conversion from 'float' to 'unsigned int', possible loss of data
c:\users\erik\source\repos\unfoldingshapes\unfoldingshapes\main.cpp(98): warning C4244: '=': conversion from 'float' to 'unsigned int', possible loss of data
c:\users\erik\source\repos\unfoldingshapes\unfoldingshapes\main.cpp(102): warning C4244: '=': conversion from 'float' to 'unsigned int', possible loss of data
c:\users\erik\source\repos\unfoldingshapes\unfoldingshapes\main.cpp(197): warning C4244: 'initializing': conversion from '_Rep' to 'int', possible loss of data
          with
          [
              _Rep=__int64
          ]
c:\users\erik\source\repos\unfoldingshapes\unfoldingshapes\main.cpp(202): warning C4244: 'initializing': conversion from 'double' to 'int', possible loss of data
c:\users\erik\source\repos\unfoldingshapes\unfoldingshapes\main.cpp(266): warning C4305: 'argument': truncation from 'double' to 'float'
c:\users\erik\source\repos\unfoldingshapes\unfoldingshapes\main.cpp(272): warning C4305: 'argument': truncation from 'double' to 'float'
LINK : warning LNK4098: defaultlib 'LIBCMTD' conflicts with use of other libs; use /NODEFAULTLIB:library
  Generating code
  254 of 2197 functions (11.6%) were compiled, the rest were copied from previous compilation.
    137 functions were new in current compilation
    224 functions had inline decision re-evaluated but remain unchanged
  Finished generating code
  UnfoldingShapes.vcxproj -> C:\Users\Erik\source\repos\UnfoldingShapes\x64\Release\UnfoldingShapes.exe
